<?xml version="1.0" encoding="UTF-8"?>
<testsuite xmlns:xsi="http://www.w3.org/2001/XMLSchema-instance" xsi:noNamespaceSchemaLocation="https://maven.apache.org/surefire/maven-surefire-plugin/xsd/surefire-test-report.xsd" name="fr.univavignon.pokedex.api.WhiteBoxTest" time="0.089" tests="20" errors="0" skipped="0" failures="0">
  <properties>
[...]
</properties>
  <testcase name="testCreateTrainer_NullPokedexFactory" classname="fr.univavignon.pokedex.api.WhiteBoxTest" time="0.013"/>
  <testcase name="testGetPokemonsComparateEmptyList" classname="fr.univavignon.pokedex.api.WhiteBoxTest" time="0.002"/>
  <testcase name="testPokedexBaseValues" classname="fr.univavignon.pokedex.api.WhiteBoxTest" time="0.001"/>
  <testcase name="testingIPokemonFactoryInvalidIndex" classname="fr.univavignon.pokedex.api.WhiteBoxTest" time="0"/>
  <testcase name="testPokedexFactoryInstancingBothNull" classname="fr.univavignon.pokedex.api.WhiteBoxTest" time="0"/>
  <testcase name="testCreateTrainer_NullName" classname="fr.univavignon.pokedex.api.WhiteBoxTest" time="0.001"/>
  <testcase name="testCreateTrainer_NullTeam" classname="fr.univavignon.pokedex.api.WhiteBoxTest" time="0"/>
  <testcase name="testAddPokemon_NullPokemon" classname="fr.univavignon.pokedex.api.WhiteBoxTest" time="0"/>
  <testcase name="testPokedexFactoryInstancing" classname="fr.univavignon.pokedex.api.WhiteBoxTest" time="0"/>
  <testcase name="testAddPokemonsNullComparator" classname="fr.univavignon.pokedex.api.WhiteBoxTest" time="0"/>
  <testcase name="testPokedexFactoryInstancingFirstNull" classname="fr.univavignon.pokedex.api.WhiteBoxTest" time="0"/>
  <testcase name="testPokedexFactoryInstancingSecondNull" classname="fr.univavignon.pokedex.api.WhiteBoxTest" time="0"/>
  <testcase name="testIPokedex" classname="fr.univavignon.pokedex.api.WhiteBoxTest" time="0.001"/>
  <testcase name="testingIPokemonFactoryBoundaries" classname="fr.univavignon.pokedex.api.WhiteBoxTest" time="0"/>
  <testcase name="testPokedexGetPokemonOutOfBounds" classname="fr.univavignon.pokedex.api.WhiteBoxTest" time="0"/>
  <testcase name="testCreateTrainer_ValidInputs" classname="fr.univavignon.pokedex.api.WhiteBoxTest" time="0.001"/>
  <testcase name="testCreateTrainer_EmptyName" classname="fr.univavignon.pokedex.api.WhiteBoxTest" time="0.001"/>
  <testcase name="testingIPokemonMetadataProviderInvalidIndex" classname="fr.univavignon.pokedex.api.WhiteBoxTest" time="0"/>
  <testcase name="testingIPokemonMetadataProvider" classname="fr.univavignon.pokedex.api.WhiteBoxTest" time="0"/>
  <testcase name="testingIPokemonFactoryValidIndex" classname="fr.univavignon.pokedex.api.WhiteBoxTest" time="0"/>
</testsuite>